<?xml version="1.0" encoding="UTF-8"?>
<!-- Generated by org.testng.reporters.JUnitReportReporter -->
<testsuite hostname="Tester" failures="0" tests="2" name="tests.RegistrationTest" time="9.670" errors="0" timestamp="2025-05-21T16:54:31 GMT+01:00" skipped="0">
  <testcase classname="tests.RegistrationTest" name="Registration" time="5.294"/>
  <testcase classname="tests.RegistrationTest" name="ChangePassword" time="4.376"/>
</testsuite> <!-- tests.RegistrationTest -->
