<?xml version="1.0" encoding="UTF-8"?>
<!-- Generated by org.testng.reporters.JUnitReportReporter -->
<testsuite hostname="Tester" failures="0" tests="4" name="tests.LoginTest" time="19.298" errors="0" timestamp="2025-05-21T16:54:31 GMT+01:00" skipped="0">
  <testcase classname="tests.LoginTest" name="InvalidEmailLogin" time="4.005"/>
  <testcase classname="tests.LoginTest" name="InvalidPasswordLogin" time="9.898"/>
  <testcase classname="tests.LoginTest" name="EmptyCredentialsLogin" time="1.203"/>
  <testcase classname="tests.LoginTest" name="ValidCredentialsLogin" time="4.192"/>
</testsuite> <!-- tests.LoginTest -->
