<?xml version="1.0" encoding="UTF-8"?>
<!-- Generated by org.testng.reporters.JUnitReportReporter -->
<testsuite hostname="Tester" failures="0" tests="3" name="tests.ProductSearchTest" time="6.858" errors="0" timestamp="2025-05-21T16:54:31 GMT+01:00" skipped="0">
  <testcase classname="tests.ProductSearchTest" name="SearchProduct" time="2.513"/>
  <testcase classname="tests.ProductSearchTest" name="SortProduct" time="2.380"/>
  <testcase classname="tests.ProductSearchTest" name="ChooseProduct" time="1.965"/>
</testsuite> <!-- tests.ProductSearchTest -->
