<?xml version="1.0" encoding="UTF-8"?>
<!-- Generated by org.testng.reporters.JUnitReportReporter -->
<testsuite hostname="Tester" failures="0" tests="1" name="tests.AddProductToCartTest" time="7.200" errors="0" timestamp="2025-05-21T16:54:31 GMT+01:00" skipped="0">
  <testcase classname="tests.AddProductToCartTest" name="AddToCartProduct" time="7.200"/>
</testsuite> <!-- tests.AddProductToCartTest -->
